[2023-04-08 07:00:18] local.ERROR: Call to undefined function assets() {"view":{"view":"/home/zaki/Documents/pbw/SpeedTypingTest-CapyType-/CapyType/resources/views/index.blade.php","data":[]},"exception":"[object] (Spatie\\LaravelIgnition\\Exceptions\\ViewException(code: 0): Call to undefined function assets() at /home/zaki/Documents/pbw/SpeedTypingTest-CapyType-/CapyType/resources/views/index.blade.php:15)
[stacktrace]
#0 /home/zaki/Documents/pbw/SpeedTypingTest-CapyType-/CapyType/vendor/laravel/framework/src/Illuminate/Filesystem/Filesystem.php(124): require()
#1 /home/zaki/Documents/pbw/SpeedTypingTest-CapyType-/CapyType/vendor/laravel/framework/src/Illuminate/Filesystem/Filesystem.php(125): Illuminate\\Filesystem\\Filesystem::Illuminate\\Filesystem\\{closure}()
#2 /home/zaki/Documents/pbw/SpeedTypingTest-CapyType-/CapyType/vendor/laravel/framework/src/Illuminate/View/Engines/PhpEngine.php(58): Illuminate\\Filesystem\\Filesystem->getRequire()
#3 /home/zaki/Documents/pbw/SpeedTypingTest-CapyType-/CapyType/vendor/laravel/framework/src/Illuminate/View/Engines/CompilerEngine.php(70): Illuminate\\View\\Engines\\PhpEngine->evaluatePath()
#4 /home/zaki/Documents/pbw/SpeedTypingTest-CapyType-/CapyType/vendor/laravel/framework/src/Illuminate/View/View.php(195): Illuminate\\View\\Engines\\CompilerEngine->get()
#5 /home/zaki/Documents/pbw/SpeedTypingTest-CapyType-/CapyType/vendor/laravel/framework/src/Illuminate/View/View.php(178): Illuminate\\View\\View->getContents()
#6 /home/zaki/Documents/pbw/SpeedTypingTest-CapyType-/CapyType/vendor/laravel/framework/src/Illuminate/View/View.php(147): Illuminate\\View\\View->renderContents()
#7 /home/zaki/Documents/pbw/SpeedTypingTest-CapyType-/CapyType/vendor/laravel/framework/src/Illuminate/Http/Response.php(69): Illuminate\\View\\View->render()
#8 /home/zaki/Documents/pbw/SpeedTypingTest-CapyType-/CapyType/vendor/laravel/framework/src/Illuminate/Http/Response.php(35): Illuminate\\Http\\Response->setContent()
#9 /home/zaki/Documents/pbw/SpeedTypingTest-CapyType-/CapyType/vendor/laravel/framework/src/Illuminate/Routing/Router.php(906): Illuminate\\Http\\Response->__construct()
#10 /home/zaki/Documents/pbw/SpeedTypingTest-CapyType-/CapyType/vendor/laravel/framework/src/Illuminate/Routing/Router.php(875): Illuminate\\Routing\\Router::toResponse()
#11 /home/zaki/Documents/pbw/SpeedTypingTest-CapyType-/CapyType/vendor/laravel/framework/src/Illuminate/Routing/Router.php(797): Illuminate\\Routing\\Router->prepareResponse()
#12 /home/zaki/Documents/pbw/SpeedTypingTest-CapyType-/CapyType/vendor/laravel/framework/src/Illuminate/Pipeline/Pipeline.php(141): Illuminate\\Routing\\Router->Illuminate\\Routing\\{closure}()
#13 /home/zaki/Documents/pbw/SpeedTypingTest-CapyType-/CapyType/vendor/laravel/framework/src/Illuminate/Routing/Middleware/SubstituteBindings.php(50): Illuminate\\Pipeline\\Pipeline->Illuminate\\Pipeline\\{closure}()
#14 /home/zaki/Documents/pbw/SpeedTypingTest-CapyType-/CapyType/vendor/laravel/framework/src/Illuminate/Pipeline/Pipeline.php(180): Illuminate\\Routing\\Middleware\\SubstituteBindings->handle()
#15 /home/zaki/Documents/pbw/SpeedTypingTest-CapyType-/CapyType/vendor/laravel/framework/src/Illuminate/Foundation/Http/Middleware/VerifyCsrfToken.php(78): Illuminate\\Pipeline\\Pipeline->Illuminate\\Pipeline\\{closure}()
#16 /home/zaki/Documents/pbw/SpeedTypingTest-CapyType-/CapyType/vendor/laravel/framework/src/Illuminate/Pipeline/Pipeline.php(180): Illuminate\\Foundation\\Http\\Middleware\\VerifyCsrfToken->handle()
#17 /home/zaki/Documents/pbw/SpeedTypingTest-CapyType-/CapyType/vendor/laravel/framework/src/Illuminate/View/Middleware/ShareErrorsFromSession.php(49): Illuminate\\Pipeline\\Pipeline->Illuminate\\Pipeline\\{closure}()
#18 /home/zaki/Documents/pbw/SpeedTypingTest-CapyType-/CapyType/vendor/laravel/framework/src/Illuminate/Pipeline/Pipeline.php(180): Illuminate\\View\\Middleware\\ShareErrorsFromSession->handle()
#19 /home/zaki/Documents/pbw/SpeedTypingTest-CapyType-/CapyType/vendor/laravel/framework/src/Illuminate/Session/Middleware/StartSession.php(121): Illuminate\\Pipeline\\Pipeline->Illuminate\\Pipeline\\{closure}()
#20 /home/zaki/Documents/pbw/SpeedTypingTest-CapyType-/CapyType/vendor/laravel/framework/src/Illuminate/Session/Middleware/StartSession.php(64): Illuminate\\Session\\Middleware\\StartSession->handleStatefulRequest()
#21 /home/zaki/Documents/pbw/SpeedTypingTest-CapyType-/CapyType/vendor/laravel/framework/src/Illuminate/Pipeline/Pipeline.php(180): Illuminate\\Session\\Middleware\\StartSession->handle()
#22 /home/zaki/Documents/pbw/SpeedTypingTest-CapyType-/CapyType/vendor/laravel/framework/src/Illuminate/Cookie/Middleware/AddQueuedCookiesToResponse.php(37): Illuminate\\Pipeline\\Pipeline->Illuminate\\Pipeline\\{closure}()
#23 /home/zaki/Documents/pbw/SpeedTypingTest-CapyType-/CapyType/vendor/laravel/framework/src/Illuminate/Pipeline/Pipeline.php(180): Illuminate\\Cookie\\Middleware\\AddQueuedCookiesToResponse->handle()
#24 /home/zaki/Documents/pbw/SpeedTypingTest-CapyType-/CapyType/vendor/laravel/framework/src/Illuminate/Cookie/Middleware/EncryptCookies.php(67): Illuminate\\Pipeline\\Pipeline->Illuminate\\Pipeline\\{closure}()
#25 /home/zaki/Documents/pbw/SpeedTypingTest-CapyType-/CapyType/vendor/laravel/framework/src/Illuminate/Pipeline/Pipeline.php(180): Illuminate\\Cookie\\Middleware\\EncryptCookies->handle()
#26 /home/zaki/Documents/pbw/SpeedTypingTest-CapyType-/CapyType/vendor/laravel/framework/src/Illuminate/Pipeline/Pipeline.php(116): Illuminate\\Pipeline\\Pipeline->Illuminate\\Pipeline\\{closure}()
#27 /home/zaki/Documents/pbw/SpeedTypingTest-CapyType-/CapyType/vendor/laravel/framework/src/Illuminate/Routing/Router.php(797): Illuminate\\Pipeline\\Pipeline->then()
#28 /home/zaki/Documents/pbw/SpeedTypingTest-CapyType-/CapyType/vendor/laravel/framework/src/Illuminate/Routing/Router.php(776): Illuminate\\Routing\\Router->runRouteWithinStack()
#29 /home/zaki/Documents/pbw/SpeedTypingTest-CapyType-/CapyType/vendor/laravel/framework/src/Illuminate/Routing/Router.php(740): Illuminate\\Routing\\Router->runRoute()
#30 /home/zaki/Documents/pbw/SpeedTypingTest-CapyType-/CapyType/vendor/laravel/framework/src/Illuminate/Routing/Router.php(729): Illuminate\\Routing\\Router->dispatchToRoute()
#31 /home/zaki/Documents/pbw/SpeedTypingTest-CapyType-/CapyType/vendor/laravel/framework/src/Illuminate/Foundation/Http/Kernel.php(200): Illuminate\\Routing\\Router->dispatch()
#32 /home/zaki/Documents/pbw/SpeedTypingTest-CapyType-/CapyType/vendor/laravel/framework/src/Illuminate/Pipeline/Pipeline.php(141): Illuminate\\Foundation\\Http\\Kernel->Illuminate\\Foundation\\Http\\{closure}()
#33 /home/zaki/Documents/pbw/SpeedTypingTest-CapyType-/CapyType/vendor/laravel/framework/src/Illuminate/Foundation/Http/Middleware/TransformsRequest.php(21): Illuminate\\Pipeline\\Pipeline->Illuminate\\Pipeline\\{closure}()
#34 /home/zaki/Documents/pbw/SpeedTypingTest-CapyType-/CapyType/vendor/laravel/framework/src/Illuminate/Foundation/Http/Middleware/ConvertEmptyStringsToNull.php(31): Illuminate\\Foundation\\Http\\Middleware\\TransformsRequest->handle()
#35 /home/zaki/Documents/pbw/SpeedTypingTest-CapyType-/CapyType/vendor/laravel/framework/src/Illuminate/Pipeline/Pipeline.php(180): Illuminate\\Foundation\\Http\\Middleware\\ConvertEmptyStringsToNull->handle()
#36 /home/zaki/Documents/pbw/SpeedTypingTest-CapyType-/CapyType/vendor/laravel/framework/src/Illuminate/Foundation/Http/Middleware/TransformsRequest.php(21): Illuminate\\Pipeline\\Pipeline->Illuminate\\Pipeline\\{closure}()
#37 /home/zaki/Documents/pbw/SpeedTypingTest-CapyType-/CapyType/vendor/laravel/framework/src/Illuminate/Foundation/Http/Middleware/TrimStrings.php(40): Illuminate\\Foundation\\Http\\Middleware\\TransformsRequest->handle()
#38 /home/zaki/Documents/pbw/SpeedTypingTest-CapyType-/CapyType/vendor/laravel/framework/src/Illuminate/Pipeline/Pipeline.php(180): Illuminate\\Foundation\\Http\\Middleware\\TrimStrings->handle()
#39 /home/zaki/Documents/pbw/SpeedTypingTest-CapyType-/CapyType/vendor/laravel/framework/src/Illuminate/Foundation/Http/Middleware/ValidatePostSize.php(27): Illuminate\\Pipeline\\Pipeline->Illuminate\\Pipeline\\{closure}()
#40 /home/zaki/Documents/pbw/SpeedTypingTest-CapyType-/CapyType/vendor/laravel/framework/src/Illuminate/Pipeline/Pipeline.php(180): Illuminate\\Foundation\\Http\\Middleware\\ValidatePostSize->handle()
#41 /home/zaki/Documents/pbw/SpeedTypingTest-CapyType-/CapyType/vendor/laravel/framework/src/Illuminate/Foundation/Http/Middleware/PreventRequestsDuringMaintenance.php(86): Illuminate\\Pipeline\\Pipeline->Illuminate\\Pipeline\\{closure}()
#42 /home/zaki/Documents/pbw/SpeedTypingTest-CapyType-/CapyType/vendor/laravel/framework/src/Illuminate/Pipeline/Pipeline.php(180): Illuminate\\Foundation\\Http\\Middleware\\PreventRequestsDuringMaintenance->handle()
#43 /home/zaki/Documents/pbw/SpeedTypingTest-CapyType-/CapyType/vendor/laravel/framework/src/Illuminate/Http/Middleware/HandleCors.php(49): Illuminate\\Pipeline\\Pipeline->Illuminate\\Pipeline\\{closure}()
#44 /home/zaki/Documents/pbw/SpeedTypingTest-CapyType-/CapyType/vendor/laravel/framework/src/Illuminate/Pipeline/Pipeline.php(180): Illuminate\\Http\\Middleware\\HandleCors->handle()
#45 /home/zaki/Documents/pbw/SpeedTypingTest-CapyType-/CapyType/vendor/laravel/framework/src/Illuminate/Http/Middleware/TrustProxies.php(39): Illuminate\\Pipeline\\Pipeline->Illuminate\\Pipeline\\{closure}()
#46 /home/zaki/Documents/pbw/SpeedTypingTest-CapyType-/CapyType/vendor/laravel/framework/src/Illuminate/Pipeline/Pipeline.php(180): Illuminate\\Http\\Middleware\\TrustProxies->handle()
#47 /home/zaki/Documents/pbw/SpeedTypingTest-CapyType-/CapyType/vendor/laravel/framework/src/Illuminate/Pipeline/Pipeline.php(116): Illuminate\\Pipeline\\Pipeline->Illuminate\\Pipeline\\{closure}()
#48 /home/zaki/Documents/pbw/SpeedTypingTest-CapyType-/CapyType/vendor/laravel/framework/src/Illuminate/Foundation/Http/Kernel.php(175): Illuminate\\Pipeline\\Pipeline->then()
#49 /home/zaki/Documents/pbw/SpeedTypingTest-CapyType-/CapyType/vendor/laravel/framework/src/Illuminate/Foundation/Http/Kernel.php(144): Illuminate\\Foundation\\Http\\Kernel->sendRequestThroughRouter()
#50 /home/zaki/Documents/pbw/SpeedTypingTest-CapyType-/CapyType/public/index.php(51): Illuminate\\Foundation\\Http\\Kernel->handle()
#51 /home/zaki/Documents/pbw/SpeedTypingTest-CapyType-/CapyType/vendor/laravel/framework/src/Illuminate/Foundation/resources/server.php(16): require_once('...')
#52 {main}

[previous exception] [object] (Error(code: 0): Call to undefined function assets() at /home/zaki/Documents/pbw/SpeedTypingTest-CapyType-/CapyType/storage/framework/views/16825766665e7f6a7876968f43ab3783.php:15)
[stacktrace]
#0 /home/zaki/Documents/pbw/SpeedTypingTest-CapyType-/CapyType/vendor/laravel/framework/src/Illuminate/Filesystem/Filesystem.php(124): require()
#1 /home/zaki/Documents/pbw/SpeedTypingTest-CapyType-/CapyType/vendor/laravel/framework/src/Illuminate/Filesystem/Filesystem.php(125): Illuminate\\Filesystem\\Filesystem::Illuminate\\Filesystem\\{closure}()
#2 /home/zaki/Documents/pbw/SpeedTypingTest-CapyType-/CapyType/vendor/laravel/framework/src/Illuminate/View/Engines/PhpEngine.php(58): Illuminate\\Filesystem\\Filesystem->getRequire()
#3 /home/zaki/Documents/pbw/SpeedTypingTest-CapyType-/CapyType/vendor/laravel/framework/src/Illuminate/View/Engines/CompilerEngine.php(70): Illuminate\\View\\Engines\\PhpEngine->evaluatePath()
#4 /home/zaki/Documents/pbw/SpeedTypingTest-CapyType-/CapyType/vendor/laravel/framework/src/Illuminate/View/View.php(195): Illuminate\\View\\Engines\\CompilerEngine->get()
#5 /home/zaki/Documents/pbw/SpeedTypingTest-CapyType-/CapyType/vendor/laravel/framework/src/Illuminate/View/View.php(178): Illuminate\\View\\View->getContents()
#6 /home/zaki/Documents/pbw/SpeedTypingTest-CapyType-/CapyType/vendor/laravel/framework/src/Illuminate/View/View.php(147): Illuminate\\View\\View->renderContents()
#7 /home/zaki/Documents/pbw/SpeedTypingTest-CapyType-/CapyType/vendor/laravel/framework/src/Illuminate/Http/Response.php(69): Illuminate\\View\\View->render()
#8 /home/zaki/Documents/pbw/SpeedTypingTest-CapyType-/CapyType/vendor/laravel/framework/src/Illuminate/Http/Response.php(35): Illuminate\\Http\\Response->setContent()
#9 /home/zaki/Documents/pbw/SpeedTypingTest-CapyType-/CapyType/vendor/laravel/framework/src/Illuminate/Routing/Router.php(906): Illuminate\\Http\\Response->__construct()
#10 /home/zaki/Documents/pbw/SpeedTypingTest-CapyType-/CapyType/vendor/laravel/framework/src/Illuminate/Routing/Router.php(875): Illuminate\\Routing\\Router::toResponse()
#11 /home/zaki/Documents/pbw/SpeedTypingTest-CapyType-/CapyType/vendor/laravel/framework/src/Illuminate/Routing/Router.php(797): Illuminate\\Routing\\Router->prepareResponse()
#12 /home/zaki/Documents/pbw/SpeedTypingTest-CapyType-/CapyType/vendor/laravel/framework/src/Illuminate/Pipeline/Pipeline.php(141): Illuminate\\Routing\\Router->Illuminate\\Routing\\{closure}()
#13 /home/zaki/Documents/pbw/SpeedTypingTest-CapyType-/CapyType/vendor/laravel/framework/src/Illuminate/Routing/Middleware/SubstituteBindings.php(50): Illuminate\\Pipeline\\Pipeline->Illuminate\\Pipeline\\{closure}()
#14 /home/zaki/Documents/pbw/SpeedTypingTest-CapyType-/CapyType/vendor/laravel/framework/src/Illuminate/Pipeline/Pipeline.php(180): Illuminate\\Routing\\Middleware\\SubstituteBindings->handle()
#15 /home/zaki/Documents/pbw/SpeedTypingTest-CapyType-/CapyType/vendor/laravel/framework/src/Illuminate/Foundation/Http/Middleware/VerifyCsrfToken.php(78): Illuminate\\Pipeline\\Pipeline->Illuminate\\Pipeline\\{closure}()
#16 /home/zaki/Documents/pbw/SpeedTypingTest-CapyType-/CapyType/vendor/laravel/framework/src/Illuminate/Pipeline/Pipeline.php(180): Illuminate\\Foundation\\Http\\Middleware\\VerifyCsrfToken->handle()
#17 /home/zaki/Documents/pbw/SpeedTypingTest-CapyType-/CapyType/vendor/laravel/framework/src/Illuminate/View/Middleware/ShareErrorsFromSession.php(49): Illuminate\\Pipeline\\Pipeline->Illuminate\\Pipeline\\{closure}()
#18 /home/zaki/Documents/pbw/SpeedTypingTest-CapyType-/CapyType/vendor/laravel/framework/src/Illuminate/Pipeline/Pipeline.php(180): Illuminate\\View\\Middleware\\ShareErrorsFromSession->handle()
#19 /home/zaki/Documents/pbw/SpeedTypingTest-CapyType-/CapyType/vendor/laravel/framework/src/Illuminate/Session/Middleware/StartSession.php(121): Illuminate\\Pipeline\\Pipeline->Illuminate\\Pipeline\\{closure}()
#20 /home/zaki/Documents/pbw/SpeedTypingTest-CapyType-/CapyType/vendor/laravel/framework/src/Illuminate/Session/Middleware/StartSession.php(64): Illuminate\\Session\\Middleware\\StartSession->handleStatefulRequest()
#21 /home/zaki/Documents/pbw/SpeedTypingTest-CapyType-/CapyType/vendor/laravel/framework/src/Illuminate/Pipeline/Pipeline.php(180): Illuminate\\Session\\Middleware\\StartSession->handle()
#22 /home/zaki/Documents/pbw/SpeedTypingTest-CapyType-/CapyType/vendor/laravel/framework/src/Illuminate/Cookie/Middleware/AddQueuedCookiesToResponse.php(37): Illuminate\\Pipeline\\Pipeline->Illuminate\\Pipeline\\{closure}()
#23 /home/zaki/Documents/pbw/SpeedTypingTest-CapyType-/CapyType/vendor/laravel/framework/src/Illuminate/Pipeline/Pipeline.php(180): Illuminate\\Cookie\\Middleware\\AddQueuedCookiesToResponse->handle()
#24 /home/zaki/Documents/pbw/SpeedTypingTest-CapyType-/CapyType/vendor/laravel/framework/src/Illuminate/Cookie/Middleware/EncryptCookies.php(67): Illuminate\\Pipeline\\Pipeline->Illuminate\\Pipeline\\{closure}()
#25 /home/zaki/Documents/pbw/SpeedTypingTest-CapyType-/CapyType/vendor/laravel/framework/src/Illuminate/Pipeline/Pipeline.php(180): Illuminate\\Cookie\\Middleware\\EncryptCookies->handle()
#26 /home/zaki/Documents/pbw/SpeedTypingTest-CapyType-/CapyType/vendor/laravel/framework/src/Illuminate/Pipeline/Pipeline.php(116): Illuminate\\Pipeline\\Pipeline->Illuminate\\Pipeline\\{closure}()
#27 /home/zaki/Documents/pbw/SpeedTypingTest-CapyType-/CapyType/vendor/laravel/framework/src/Illuminate/Routing/Router.php(797): Illuminate\\Pipeline\\Pipeline->then()
#28 /home/zaki/Documents/pbw/SpeedTypingTest-CapyType-/CapyType/vendor/laravel/framework/src/Illuminate/Routing/Router.php(776): Illuminate\\Routing\\Router->runRouteWithinStack()
#29 /home/zaki/Documents/pbw/SpeedTypingTest-CapyType-/CapyType/vendor/laravel/framework/src/Illuminate/Routing/Router.php(740): Illuminate\\Routing\\Router->runRoute()
#30 /home/zaki/Documents/pbw/SpeedTypingTest-CapyType-/CapyType/vendor/laravel/framework/src/Illuminate/Routing/Router.php(729): Illuminate\\Routing\\Router->dispatchToRoute()
#31 /home/zaki/Documents/pbw/SpeedTypingTest-CapyType-/CapyType/vendor/laravel/framework/src/Illuminate/Foundation/Http/Kernel.php(200): Illuminate\\Routing\\Router->dispatch()
#32 /home/zaki/Documents/pbw/SpeedTypingTest-CapyType-/CapyType/vendor/laravel/framework/src/Illuminate/Pipeline/Pipeline.php(141): Illuminate\\Foundation\\Http\\Kernel->Illuminate\\Foundation\\Http\\{closure}()
#33 /home/zaki/Documents/pbw/SpeedTypingTest-CapyType-/CapyType/vendor/laravel/framework/src/Illuminate/Foundation/Http/Middleware/TransformsRequest.php(21): Illuminate\\Pipeline\\Pipeline->Illuminate\\Pipeline\\{closure}()
#34 /home/zaki/Documents/pbw/SpeedTypingTest-CapyType-/CapyType/vendor/laravel/framework/src/Illuminate/Foundation/Http/Middleware/ConvertEmptyStringsToNull.php(31): Illuminate\\Foundation\\Http\\Middleware\\TransformsRequest->handle()
#35 /home/zaki/Documents/pbw/SpeedTypingTest-CapyType-/CapyType/vendor/laravel/framework/src/Illuminate/Pipeline/Pipeline.php(180): Illuminate\\Foundation\\Http\\Middleware\\ConvertEmptyStringsToNull->handle()
#36 /home/zaki/Documents/pbw/SpeedTypingTest-CapyType-/CapyType/vendor/laravel/framework/src/Illuminate/Foundation/Http/Middleware/TransformsRequest.php(21): Illuminate\\Pipeline\\Pipeline->Illuminate\\Pipeline\\{closure}()
#37 /home/zaki/Documents/pbw/SpeedTypingTest-CapyType-/CapyType/vendor/laravel/framework/src/Illuminate/Foundation/Http/Middleware/TrimStrings.php(40): Illuminate\\Foundation\\Http\\Middleware\\TransformsRequest->handle()
#38 /home/zaki/Documents/pbw/SpeedTypingTest-CapyType-/CapyType/vendor/laravel/framework/src/Illuminate/Pipeline/Pipeline.php(180): Illuminate\\Foundation\\Http\\Middleware\\TrimStrings->handle()
#39 /home/zaki/Documents/pbw/SpeedTypingTest-CapyType-/CapyType/vendor/laravel/framework/src/Illuminate/Foundation/Http/Middleware/ValidatePostSize.php(27): Illuminate\\Pipeline\\Pipeline->Illuminate\\Pipeline\\{closure}()
#40 /home/zaki/Documents/pbw/SpeedTypingTest-CapyType-/CapyType/vendor/laravel/framework/src/Illuminate/Pipeline/Pipeline.php(180): Illuminate\\Foundation\\Http\\Middleware\\ValidatePostSize->handle()
#41 /home/zaki/Documents/pbw/SpeedTypingTest-CapyType-/CapyType/vendor/laravel/framework/src/Illuminate/Foundation/Http/Middleware/PreventRequestsDuringMaintenance.php(86): Illuminate\\Pipeline\\Pipeline->Illuminate\\Pipeline\\{closure}()
#42 /home/zaki/Documents/pbw/SpeedTypingTest-CapyType-/CapyType/vendor/laravel/framework/src/Illuminate/Pipeline/Pipeline.php(180): Illuminate\\Foundation\\Http\\Middleware\\PreventRequestsDuringMaintenance->handle()
#43 /home/zaki/Documents/pbw/SpeedTypingTest-CapyType-/CapyType/vendor/laravel/framework/src/Illuminate/Http/Middleware/HandleCors.php(49): Illuminate\\Pipeline\\Pipeline->Illuminate\\Pipeline\\{closure}()
#44 /home/zaki/Documents/pbw/SpeedTypingTest-CapyType-/CapyType/vendor/laravel/framework/src/Illuminate/Pipeline/Pipeline.php(180): Illuminate\\Http\\Middleware\\HandleCors->handle()
#45 /home/zaki/Documents/pbw/SpeedTypingTest-CapyType-/CapyType/vendor/laravel/framework/src/Illuminate/Http/Middleware/TrustProxies.php(39): Illuminate\\Pipeline\\Pipeline->Illuminate\\Pipeline\\{closure}()
#46 /home/zaki/Documents/pbw/SpeedTypingTest-CapyType-/CapyType/vendor/laravel/framework/src/Illuminate/Pipeline/Pipeline.php(180): Illuminate\\Http\\Middleware\\TrustProxies->handle()
#47 /home/zaki/Documents/pbw/SpeedTypingTest-CapyType-/CapyType/vendor/laravel/framework/src/Illuminate/Pipeline/Pipeline.php(116): Illuminate\\Pipeline\\Pipeline->Illuminate\\Pipeline\\{closure}()
#48 /home/zaki/Documents/pbw/SpeedTypingTest-CapyType-/CapyType/vendor/laravel/framework/src/Illuminate/Foundation/Http/Kernel.php(175): Illuminate\\Pipeline\\Pipeline->then()
#49 /home/zaki/Documents/pbw/SpeedTypingTest-CapyType-/CapyType/vendor/laravel/framework/src/Illuminate/Foundation/Http/Kernel.php(144): Illuminate\\Foundation\\Http\\Kernel->sendRequestThroughRouter()
#50 /home/zaki/Documents/pbw/SpeedTypingTest-CapyType-/CapyType/public/index.php(51): Illuminate\\Foundation\\Http\\Kernel->handle()
#51 /home/zaki/Documents/pbw/SpeedTypingTest-CapyType-/CapyType/vendor/laravel/framework/src/Illuminate/Foundation/resources/server.php(16): require_once('...')
#52 {main}
"} 
[2023-04-08 07:00:18] local.ERROR: Call to undefined function assets() {"view":{"view":"/home/zaki/Documents/pbw/SpeedTypingTest-CapyType-/CapyType/resources/views/index.blade.php","data":[]},"exception":"[object] (Spatie\\LaravelIgnition\\Exceptions\\ViewException(code: 0): Call to undefined function assets() at /home/zaki/Documents/pbw/SpeedTypingTest-CapyType-/CapyType/resources/views/index.blade.php:15)
[stacktrace]
#0 /home/zaki/Documents/pbw/SpeedTypingTest-CapyType-/CapyType/vendor/laravel/framework/src/Illuminate/Filesystem/Filesystem.php(124): require()
#1 /home/zaki/Documents/pbw/SpeedTypingTest-CapyType-/CapyType/vendor/laravel/framework/src/Illuminate/Filesystem/Filesystem.php(125): Illuminate\\Filesystem\\Filesystem::Illuminate\\Filesystem\\{closure}()
#2 /home/zaki/Documents/pbw/SpeedTypingTest-CapyType-/CapyType/vendor/laravel/framework/src/Illuminate/View/Engines/PhpEngine.php(58): Illuminate\\Filesystem\\Filesystem->getRequire()
#3 /home/zaki/Documents/pbw/SpeedTypingTest-CapyType-/CapyType/vendor/laravel/framework/src/Illuminate/View/Engines/CompilerEngine.php(70): Illuminate\\View\\Engines\\PhpEngine->evaluatePath()
#4 /home/zaki/Documents/pbw/SpeedTypingTest-CapyType-/CapyType/vendor/laravel/framework/src/Illuminate/View/View.php(195): Illuminate\\View\\Engines\\CompilerEngine->get()
#5 /home/zaki/Documents/pbw/SpeedTypingTest-CapyType-/CapyType/vendor/laravel/framework/src/Illuminate/View/View.php(178): Illuminate\\View\\View->getContents()
#6 /home/zaki/Documents/pbw/SpeedTypingTest-CapyType-/CapyType/vendor/laravel/framework/src/Illuminate/View/View.php(147): Illuminate\\View\\View->renderContents()
#7 /home/zaki/Documents/pbw/SpeedTypingTest-CapyType-/CapyType/vendor/laravel/framework/src/Illuminate/Http/Response.php(69): Illuminate\\View\\View->render()
#8 /home/zaki/Documents/pbw/SpeedTypingTest-CapyType-/CapyType/vendor/laravel/framework/src/Illuminate/Http/Response.php(35): Illuminate\\Http\\Response->setContent()
#9 /home/zaki/Documents/pbw/SpeedTypingTest-CapyType-/CapyType/vendor/laravel/framework/src/Illuminate/Routing/Router.php(906): Illuminate\\Http\\Response->__construct()
#10 /home/zaki/Documents/pbw/SpeedTypingTest-CapyType-/CapyType/vendor/laravel/framework/src/Illuminate/Routing/Router.php(875): Illuminate\\Routing\\Router::toResponse()
#11 /home/zaki/Documents/pbw/SpeedTypingTest-CapyType-/CapyType/vendor/laravel/framework/src/Illuminate/Routing/Router.php(797): Illuminate\\Routing\\Router->prepareResponse()
#12 /home/zaki/Documents/pbw/SpeedTypingTest-CapyType-/CapyType/vendor/laravel/framework/src/Illuminate/Pipeline/Pipeline.php(141): Illuminate\\Routing\\Router->Illuminate\\Routing\\{closure}()
#13 /home/zaki/Documents/pbw/SpeedTypingTest-CapyType-/CapyType/vendor/laravel/framework/src/Illuminate/Routing/Middleware/SubstituteBindings.php(50): Illuminate\\Pipeline\\Pipeline->Illuminate\\Pipeline\\{closure}()
#14 /home/zaki/Documents/pbw/SpeedTypingTest-CapyType-/CapyType/vendor/laravel/framework/src/Illuminate/Pipeline/Pipeline.php(180): Illuminate\\Routing\\Middleware\\SubstituteBindings->handle()
#15 /home/zaki/Documents/pbw/SpeedTypingTest-CapyType-/CapyType/vendor/laravel/framework/src/Illuminate/Foundation/Http/Middleware/VerifyCsrfToken.php(78): Illuminate\\Pipeline\\Pipeline->Illuminate\\Pipeline\\{closure}()
#16 /home/zaki/Documents/pbw/SpeedTypingTest-CapyType-/CapyType/vendor/laravel/framework/src/Illuminate/Pipeline/Pipeline.php(180): Illuminate\\Foundation\\Http\\Middleware\\VerifyCsrfToken->handle()
#17 /home/zaki/Documents/pbw/SpeedTypingTest-CapyType-/CapyType/vendor/laravel/framework/src/Illuminate/View/Middleware/ShareErrorsFromSession.php(49): Illuminate\\Pipeline\\Pipeline->Illuminate\\Pipeline\\{closure}()
#18 /home/zaki/Documents/pbw/SpeedTypingTest-CapyType-/CapyType/vendor/laravel/framework/src/Illuminate/Pipeline/Pipeline.php(180): Illuminate\\View\\Middleware\\ShareErrorsFromSession->handle()
#19 /home/zaki/Documents/pbw/SpeedTypingTest-CapyType-/CapyType/vendor/laravel/framework/src/Illuminate/Session/Middleware/StartSession.php(121): Illuminate\\Pipeline\\Pipeline->Illuminate\\Pipeline\\{closure}()
#20 /home/zaki/Documents/pbw/SpeedTypingTest-CapyType-/CapyType/vendor/laravel/framework/src/Illuminate/Session/Middleware/StartSession.php(64): Illuminate\\Session\\Middleware\\StartSession->handleStatefulRequest()
#21 /home/zaki/Documents/pbw/SpeedTypingTest-CapyType-/CapyType/vendor/laravel/framework/src/Illuminate/Pipeline/Pipeline.php(180): Illuminate\\Session\\Middleware\\StartSession->handle()
#22 /home/zaki/Documents/pbw/SpeedTypingTest-CapyType-/CapyType/vendor/laravel/framework/src/Illuminate/Cookie/Middleware/AddQueuedCookiesToResponse.php(37): Illuminate\\Pipeline\\Pipeline->Illuminate\\Pipeline\\{closure}()
#23 /home/zaki/Documents/pbw/SpeedTypingTest-CapyType-/CapyType/vendor/laravel/framework/src/Illuminate/Pipeline/Pipeline.php(180): Illuminate\\Cookie\\Middleware\\AddQueuedCookiesToResponse->handle()
#24 /home/zaki/Documents/pbw/SpeedTypingTest-CapyType-/CapyType/vendor/laravel/framework/src/Illuminate/Cookie/Middleware/EncryptCookies.php(67): Illuminate\\Pipeline\\Pipeline->Illuminate\\Pipeline\\{closure}()
#25 /home/zaki/Documents/pbw/SpeedTypingTest-CapyType-/CapyType/vendor/laravel/framework/src/Illuminate/Pipeline/Pipeline.php(180): Illuminate\\Cookie\\Middleware\\EncryptCookies->handle()
#26 /home/zaki/Documents/pbw/SpeedTypingTest-CapyType-/CapyType/vendor/laravel/framework/src/Illuminate/Pipeline/Pipeline.php(116): Illuminate\\Pipeline\\Pipeline->Illuminate\\Pipeline\\{closure}()
#27 /home/zaki/Documents/pbw/SpeedTypingTest-CapyType-/CapyType/vendor/laravel/framework/src/Illuminate/Routing/Router.php(797): Illuminate\\Pipeline\\Pipeline->then()
#28 /home/zaki/Documents/pbw/SpeedTypingTest-CapyType-/CapyType/vendor/laravel/framework/src/Illuminate/Routing/Router.php(776): Illuminate\\Routing\\Router->runRouteWithinStack()
#29 /home/zaki/Documents/pbw/SpeedTypingTest-CapyType-/CapyType/vendor/laravel/framework/src/Illuminate/Routing/Router.php(740): Illuminate\\Routing\\Router->runRoute()
#30 /home/zaki/Documents/pbw/SpeedTypingTest-CapyType-/CapyType/vendor/laravel/framework/src/Illuminate/Routing/Router.php(729): Illuminate\\Routing\\Router->dispatchToRoute()
#31 /home/zaki/Documents/pbw/SpeedTypingTest-CapyType-/CapyType/vendor/laravel/framework/src/Illuminate/Foundation/Http/Kernel.php(200): Illuminate\\Routing\\Router->dispatch()
#32 /home/zaki/Documents/pbw/SpeedTypingTest-CapyType-/CapyType/vendor/laravel/framework/src/Illuminate/Pipeline/Pipeline.php(141): Illuminate\\Foundation\\Http\\Kernel->Illuminate\\Foundation\\Http\\{closure}()
#33 /home/zaki/Documents/pbw/SpeedTypingTest-CapyType-/CapyType/vendor/laravel/framework/src/Illuminate/Foundation/Http/Middleware/TransformsRequest.php(21): Illuminate\\Pipeline\\Pipeline->Illuminate\\Pipeline\\{closure}()
#34 /home/zaki/Documents/pbw/SpeedTypingTest-CapyType-/CapyType/vendor/laravel/framework/src/Illuminate/Foundation/Http/Middleware/ConvertEmptyStringsToNull.php(31): Illuminate\\Foundation\\Http\\Middleware\\TransformsRequest->handle()
#35 /home/zaki/Documents/pbw/SpeedTypingTest-CapyType-/CapyType/vendor/laravel/framework/src/Illuminate/Pipeline/Pipeline.php(180): Illuminate\\Foundation\\Http\\Middleware\\ConvertEmptyStringsToNull->handle()
#36 /home/zaki/Documents/pbw/SpeedTypingTest-CapyType-/CapyType/vendor/laravel/framework/src/Illuminate/Foundation/Http/Middleware/TransformsRequest.php(21): Illuminate\\Pipeline\\Pipeline->Illuminate\\Pipeline\\{closure}()
#37 /home/zaki/Documents/pbw/SpeedTypingTest-CapyType-/CapyType/vendor/laravel/framework/src/Illuminate/Foundation/Http/Middleware/TrimStrings.php(40): Illuminate\\Foundation\\Http\\Middleware\\TransformsRequest->handle()
#38 /home/zaki/Documents/pbw/SpeedTypingTest-CapyType-/CapyType/vendor/laravel/framework/src/Illuminate/Pipeline/Pipeline.php(180): Illuminate\\Foundation\\Http\\Middleware\\TrimStrings->handle()
#39 /home/zaki/Documents/pbw/SpeedTypingTest-CapyType-/CapyType/vendor/laravel/framework/src/Illuminate/Foundation/Http/Middleware/ValidatePostSize.php(27): Illuminate\\Pipeline\\Pipeline->Illuminate\\Pipeline\\{closure}()
#40 /home/zaki/Documents/pbw/SpeedTypingTest-CapyType-/CapyType/vendor/laravel/framework/src/Illuminate/Pipeline/Pipeline.php(180): Illuminate\\Foundation\\Http\\Middleware\\ValidatePostSize->handle()
#41 /home/zaki/Documents/pbw/SpeedTypingTest-CapyType-/CapyType/vendor/laravel/framework/src/Illuminate/Foundation/Http/Middleware/PreventRequestsDuringMaintenance.php(86): Illuminate\\Pipeline\\Pipeline->Illuminate\\Pipeline\\{closure}()
#42 /home/zaki/Documents/pbw/SpeedTypingTest-CapyType-/CapyType/vendor/laravel/framework/src/Illuminate/Pipeline/Pipeline.php(180): Illuminate\\Foundation\\Http\\Middleware\\PreventRequestsDuringMaintenance->handle()
#43 /home/zaki/Documents/pbw/SpeedTypingTest-CapyType-/CapyType/vendor/laravel/framework/src/Illuminate/Http/Middleware/HandleCors.php(49): Illuminate\\Pipeline\\Pipeline->Illuminate\\Pipeline\\{closure}()
#44 /home/zaki/Documents/pbw/SpeedTypingTest-CapyType-/CapyType/vendor/laravel/framework/src/Illuminate/Pipeline/Pipeline.php(180): Illuminate\\Http\\Middleware\\HandleCors->handle()
#45 /home/zaki/Documents/pbw/SpeedTypingTest-CapyType-/CapyType/vendor/laravel/framework/src/Illuminate/Http/Middleware/TrustProxies.php(39): Illuminate\\Pipeline\\Pipeline->Illuminate\\Pipeline\\{closure}()
#46 /home/zaki/Documents/pbw/SpeedTypingTest-CapyType-/CapyType/vendor/laravel/framework/src/Illuminate/Pipeline/Pipeline.php(180): Illuminate\\Http\\Middleware\\TrustProxies->handle()
#47 /home/zaki/Documents/pbw/SpeedTypingTest-CapyType-/CapyType/vendor/laravel/framework/src/Illuminate/Pipeline/Pipeline.php(116): Illuminate\\Pipeline\\Pipeline->Illuminate\\Pipeline\\{closure}()
#48 /home/zaki/Documents/pbw/SpeedTypingTest-CapyType-/CapyType/vendor/laravel/framework/src/Illuminate/Foundation/Http/Kernel.php(175): Illuminate\\Pipeline\\Pipeline->then()
#49 /home/zaki/Documents/pbw/SpeedTypingTest-CapyType-/CapyType/vendor/laravel/framework/src/Illuminate/Foundation/Http/Kernel.php(144): Illuminate\\Foundation\\Http\\Kernel->sendRequestThroughRouter()
#50 /home/zaki/Documents/pbw/SpeedTypingTest-CapyType-/CapyType/public/index.php(51): Illuminate\\Foundation\\Http\\Kernel->handle()
#51 /home/zaki/Documents/pbw/SpeedTypingTest-CapyType-/CapyType/vendor/laravel/framework/src/Illuminate/Foundation/resources/server.php(16): require_once('...')
#52 {main}

[previous exception] [object] (Error(code: 0): Call to undefined function assets() at /home/zaki/Documents/pbw/SpeedTypingTest-CapyType-/CapyType/storage/framework/views/16825766665e7f6a7876968f43ab3783.php:15)
[stacktrace]
#0 /home/zaki/Documents/pbw/SpeedTypingTest-CapyType-/CapyType/vendor/laravel/framework/src/Illuminate/Filesystem/Filesystem.php(124): require()
#1 /home/zaki/Documents/pbw/SpeedTypingTest-CapyType-/CapyType/vendor/laravel/framework/src/Illuminate/Filesystem/Filesystem.php(125): Illuminate\\Filesystem\\Filesystem::Illuminate\\Filesystem\\{closure}()
#2 /home/zaki/Documents/pbw/SpeedTypingTest-CapyType-/CapyType/vendor/laravel/framework/src/Illuminate/View/Engines/PhpEngine.php(58): Illuminate\\Filesystem\\Filesystem->getRequire()
#3 /home/zaki/Documents/pbw/SpeedTypingTest-CapyType-/CapyType/vendor/laravel/framework/src/Illuminate/View/Engines/CompilerEngine.php(70): Illuminate\\View\\Engines\\PhpEngine->evaluatePath()
#4 /home/zaki/Documents/pbw/SpeedTypingTest-CapyType-/CapyType/vendor/laravel/framework/src/Illuminate/View/View.php(195): Illuminate\\View\\Engines\\CompilerEngine->get()
#5 /home/zaki/Documents/pbw/SpeedTypingTest-CapyType-/CapyType/vendor/laravel/framework/src/Illuminate/View/View.php(178): Illuminate\\View\\View->getContents()
#6 /home/zaki/Documents/pbw/SpeedTypingTest-CapyType-/CapyType/vendor/laravel/framework/src/Illuminate/View/View.php(147): Illuminate\\View\\View->renderContents()
#7 /home/zaki/Documents/pbw/SpeedTypingTest-CapyType-/CapyType/vendor/laravel/framework/src/Illuminate/Http/Response.php(69): Illuminate\\View\\View->render()
#8 /home/zaki/Documents/pbw/SpeedTypingTest-CapyType-/CapyType/vendor/laravel/framework/src/Illuminate/Http/Response.php(35): Illuminate\\Http\\Response->setContent()
#9 /home/zaki/Documents/pbw/SpeedTypingTest-CapyType-/CapyType/vendor/laravel/framework/src/Illuminate/Routing/Router.php(906): Illuminate\\Http\\Response->__construct()
#10 /home/zaki/Documents/pbw/SpeedTypingTest-CapyType-/CapyType/vendor/laravel/framework/src/Illuminate/Routing/Router.php(875): Illuminate\\Routing\\Router::toResponse()
#11 /home/zaki/Documents/pbw/SpeedTypingTest-CapyType-/CapyType/vendor/laravel/framework/src/Illuminate/Routing/Router.php(797): Illuminate\\Routing\\Router->prepareResponse()
#12 /home/zaki/Documents/pbw/SpeedTypingTest-CapyType-/CapyType/vendor/laravel/framework/src/Illuminate/Pipeline/Pipeline.php(141): Illuminate\\Routing\\Router->Illuminate\\Routing\\{closure}()
#13 /home/zaki/Documents/pbw/SpeedTypingTest-CapyType-/CapyType/vendor/laravel/framework/src/Illuminate/Routing/Middleware/SubstituteBindings.php(50): Illuminate\\Pipeline\\Pipeline->Illuminate\\Pipeline\\{closure}()
#14 /home/zaki/Documents/pbw/SpeedTypingTest-CapyType-/CapyType/vendor/laravel/framework/src/Illuminate/Pipeline/Pipeline.php(180): Illuminate\\Routing\\Middleware\\SubstituteBindings->handle()
#15 /home/zaki/Documents/pbw/SpeedTypingTest-CapyType-/CapyType/vendor/laravel/framework/src/Illuminate/Foundation/Http/Middleware/VerifyCsrfToken.php(78): Illuminate\\Pipeline\\Pipeline->Illuminate\\Pipeline\\{closure}()
#16 /home/zaki/Documents/pbw/SpeedTypingTest-CapyType-/CapyType/vendor/laravel/framework/src/Illuminate/Pipeline/Pipeline.php(180): Illuminate\\Foundation\\Http\\Middleware\\VerifyCsrfToken->handle()
#17 /home/zaki/Documents/pbw/SpeedTypingTest-CapyType-/CapyType/vendor/laravel/framework/src/Illuminate/View/Middleware/ShareErrorsFromSession.php(49): Illuminate\\Pipeline\\Pipeline->Illuminate\\Pipeline\\{closure}()
#18 /home/zaki/Documents/pbw/SpeedTypingTest-CapyType-/CapyType/vendor/laravel/framework/src/Illuminate/Pipeline/Pipeline.php(180): Illuminate\\View\\Middleware\\ShareErrorsFromSession->handle()
#19 /home/zaki/Documents/pbw/SpeedTypingTest-CapyType-/CapyType/vendor/laravel/framework/src/Illuminate/Session/Middleware/StartSession.php(121): Illuminate\\Pipeline\\Pipeline->Illuminate\\Pipeline\\{closure}()
#20 /home/zaki/Documents/pbw/SpeedTypingTest-CapyType-/CapyType/vendor/laravel/framework/src/Illuminate/Session/Middleware/StartSession.php(64): Illuminate\\Session\\Middleware\\StartSession->handleStatefulRequest()
#21 /home/zaki/Documents/pbw/SpeedTypingTest-CapyType-/CapyType/vendor/laravel/framework/src/Illuminate/Pipeline/Pipeline.php(180): Illuminate\\Session\\Middleware\\StartSession->handle()
#22 /home/zaki/Documents/pbw/SpeedTypingTest-CapyType-/CapyType/vendor/laravel/framework/src/Illuminate/Cookie/Middleware/AddQueuedCookiesToResponse.php(37): Illuminate\\Pipeline\\Pipeline->Illuminate\\Pipeline\\{closure}()
#23 /home/zaki/Documents/pbw/SpeedTypingTest-CapyType-/CapyType/vendor/laravel/framework/src/Illuminate/Pipeline/Pipeline.php(180): Illuminate\\Cookie\\Middleware\\AddQueuedCookiesToResponse->handle()
#24 /home/zaki/Documents/pbw/SpeedTypingTest-CapyType-/CapyType/vendor/laravel/framework/src/Illuminate/Cookie/Middleware/EncryptCookies.php(67): Illuminate\\Pipeline\\Pipeline->Illuminate\\Pipeline\\{closure}()
#25 /home/zaki/Documents/pbw/SpeedTypingTest-CapyType-/CapyType/vendor/laravel/framework/src/Illuminate/Pipeline/Pipeline.php(180): Illuminate\\Cookie\\Middleware\\EncryptCookies->handle()
#26 /home/zaki/Documents/pbw/SpeedTypingTest-CapyType-/CapyType/vendor/laravel/framework/src/Illuminate/Pipeline/Pipeline.php(116): Illuminate\\Pipeline\\Pipeline->Illuminate\\Pipeline\\{closure}()
#27 /home/zaki/Documents/pbw/SpeedTypingTest-CapyType-/CapyType/vendor/laravel/framework/src/Illuminate/Routing/Router.php(797): Illuminate\\Pipeline\\Pipeline->then()
#28 /home/zaki/Documents/pbw/SpeedTypingTest-CapyType-/CapyType/vendor/laravel/framework/src/Illuminate/Routing/Router.php(776): Illuminate\\Routing\\Router->runRouteWithinStack()
#29 /home/zaki/Documents/pbw/SpeedTypingTest-CapyType-/CapyType/vendor/laravel/framework/src/Illuminate/Routing/Router.php(740): Illuminate\\Routing\\Router->runRoute()
#30 /home/zaki/Documents/pbw/SpeedTypingTest-CapyType-/CapyType/vendor/laravel/framework/src/Illuminate/Routing/Router.php(729): Illuminate\\Routing\\Router->dispatchToRoute()
#31 /home/zaki/Documents/pbw/SpeedTypingTest-CapyType-/CapyType/vendor/laravel/framework/src/Illuminate/Foundation/Http/Kernel.php(200): Illuminate\\Routing\\Router->dispatch()
#32 /home/zaki/Documents/pbw/SpeedTypingTest-CapyType-/CapyType/vendor/laravel/framework/src/Illuminate/Pipeline/Pipeline.php(141): Illuminate\\Foundation\\Http\\Kernel->Illuminate\\Foundation\\Http\\{closure}()
#33 /home/zaki/Documents/pbw/SpeedTypingTest-CapyType-/CapyType/vendor/laravel/framework/src/Illuminate/Foundation/Http/Middleware/TransformsRequest.php(21): Illuminate\\Pipeline\\Pipeline->Illuminate\\Pipeline\\{closure}()
#34 /home/zaki/Documents/pbw/SpeedTypingTest-CapyType-/CapyType/vendor/laravel/framework/src/Illuminate/Foundation/Http/Middleware/ConvertEmptyStringsToNull.php(31): Illuminate\\Foundation\\Http\\Middleware\\TransformsRequest->handle()
#35 /home/zaki/Documents/pbw/SpeedTypingTest-CapyType-/CapyType/vendor/laravel/framework/src/Illuminate/Pipeline/Pipeline.php(180): Illuminate\\Foundation\\Http\\Middleware\\ConvertEmptyStringsToNull->handle()
#36 /home/zaki/Documents/pbw/SpeedTypingTest-CapyType-/CapyType/vendor/laravel/framework/src/Illuminate/Foundation/Http/Middleware/TransformsRequest.php(21): Illuminate\\Pipeline\\Pipeline->Illuminate\\Pipeline\\{closure}()
#37 /home/zaki/Documents/pbw/SpeedTypingTest-CapyType-/CapyType/vendor/laravel/framework/src/Illuminate/Foundation/Http/Middleware/TrimStrings.php(40): Illuminate\\Foundation\\Http\\Middleware\\TransformsRequest->handle()
#38 /home/zaki/Documents/pbw/SpeedTypingTest-CapyType-/CapyType/vendor/laravel/framework/src/Illuminate/Pipeline/Pipeline.php(180): Illuminate\\Foundation\\Http\\Middleware\\TrimStrings->handle()
#39 /home/zaki/Documents/pbw/SpeedTypingTest-CapyType-/CapyType/vendor/laravel/framework/src/Illuminate/Foundation/Http/Middleware/ValidatePostSize.php(27): Illuminate\\Pipeline\\Pipeline->Illuminate\\Pipeline\\{closure}()
#40 /home/zaki/Documents/pbw/SpeedTypingTest-CapyType-/CapyType/vendor/laravel/framework/src/Illuminate/Pipeline/Pipeline.php(180): Illuminate\\Foundation\\Http\\Middleware\\ValidatePostSize->handle()
#41 /home/zaki/Documents/pbw/SpeedTypingTest-CapyType-/CapyType/vendor/laravel/framework/src/Illuminate/Foundation/Http/Middleware/PreventRequestsDuringMaintenance.php(86): Illuminate\\Pipeline\\Pipeline->Illuminate\\Pipeline\\{closure}()
#42 /home/zaki/Documents/pbw/SpeedTypingTest-CapyType-/CapyType/vendor/laravel/framework/src/Illuminate/Pipeline/Pipeline.php(180): Illuminate\\Foundation\\Http\\Middleware\\PreventRequestsDuringMaintenance->handle()
#43 /home/zaki/Documents/pbw/SpeedTypingTest-CapyType-/CapyType/vendor/laravel/framework/src/Illuminate/Http/Middleware/HandleCors.php(49): Illuminate\\Pipeline\\Pipeline->Illuminate\\Pipeline\\{closure}()
#44 /home/zaki/Documents/pbw/SpeedTypingTest-CapyType-/CapyType/vendor/laravel/framework/src/Illuminate/Pipeline/Pipeline.php(180): Illuminate\\Http\\Middleware\\HandleCors->handle()
#45 /home/zaki/Documents/pbw/SpeedTypingTest-CapyType-/CapyType/vendor/laravel/framework/src/Illuminate/Http/Middleware/TrustProxies.php(39): Illuminate\\Pipeline\\Pipeline->Illuminate\\Pipeline\\{closure}()
#46 /home/zaki/Documents/pbw/SpeedTypingTest-CapyType-/CapyType/vendor/laravel/framework/src/Illuminate/Pipeline/Pipeline.php(180): Illuminate\\Http\\Middleware\\TrustProxies->handle()
#47 /home/zaki/Documents/pbw/SpeedTypingTest-CapyType-/CapyType/vendor/laravel/framework/src/Illuminate/Pipeline/Pipeline.php(116): Illuminate\\Pipeline\\Pipeline->Illuminate\\Pipeline\\{closure}()
#48 /home/zaki/Documents/pbw/SpeedTypingTest-CapyType-/CapyType/vendor/laravel/framework/src/Illuminate/Foundation/Http/Kernel.php(175): Illuminate\\Pipeline\\Pipeline->then()
#49 /home/zaki/Documents/pbw/SpeedTypingTest-CapyType-/CapyType/vendor/laravel/framework/src/Illuminate/Foundation/Http/Kernel.php(144): Illuminate\\Foundation\\Http\\Kernel->sendRequestThroughRouter()
#50 /home/zaki/Documents/pbw/SpeedTypingTest-CapyType-/CapyType/public/index.php(51): Illuminate\\Foundation\\Http\\Kernel->handle()
#51 /home/zaki/Documents/pbw/SpeedTypingTest-CapyType-/CapyType/vendor/laravel/framework/src/Illuminate/Foundation/resources/server.php(16): require_once('...')
#52 {main}
"} 
[2023-04-09 12:36:34] local.ERROR: Vite manifest not found at: /home/zaki/Documents/pbw/SpeedTypingTest-CapyType-/CapyType/public/build/manifest.json {"view":{"view":"/home/zaki/Documents/pbw/SpeedTypingTest-CapyType-/CapyType/resources/views/index.blade.php","data":[]},"exception":"[object] (Spatie\\LaravelIgnition\\Exceptions\\ViewException(code: 0): Vite manifest not found at: /home/zaki/Documents/pbw/SpeedTypingTest-CapyType-/CapyType/public/build/manifest.json at /home/zaki/Documents/pbw/SpeedTypingTest-CapyType-/CapyType/vendor/laravel/framework/src/Illuminate/Foundation/Vite.php:684)
[stacktrace]
#0 /home/zaki/Documents/pbw/SpeedTypingTest-CapyType-/CapyType/vendor/laravel/framework/src/Illuminate/Foundation/Vite.php(273): Illuminate\\Foundation\\Vite->manifest()
#1 /home/zaki/Documents/pbw/SpeedTypingTest-CapyType-/CapyType/resources/views/index.blade.php(8): Illuminate\\Foundation\\Vite->__invoke()
#2 /home/zaki/Documents/pbw/SpeedTypingTest-CapyType-/CapyType/vendor/laravel/framework/src/Illuminate/Filesystem/Filesystem.php(124): require('...')
#3 /home/zaki/Documents/pbw/SpeedTypingTest-CapyType-/CapyType/vendor/laravel/framework/src/Illuminate/Filesystem/Filesystem.php(125): Illuminate\\Filesystem\\Filesystem::Illuminate\\Filesystem\\{closure}()
#4 /home/zaki/Documents/pbw/SpeedTypingTest-CapyType-/CapyType/vendor/laravel/framework/src/Illuminate/View/Engines/PhpEngine.php(58): Illuminate\\Filesystem\\Filesystem->getRequire()
#5 /home/zaki/Documents/pbw/SpeedTypingTest-CapyType-/CapyType/vendor/laravel/framework/src/Illuminate/View/Engines/CompilerEngine.php(70): Illuminate\\View\\Engines\\PhpEngine->evaluatePath()
#6 /home/zaki/Documents/pbw/SpeedTypingTest-CapyType-/CapyType/vendor/laravel/framework/src/Illuminate/View/View.php(195): Illuminate\\View\\Engines\\CompilerEngine->get()
#7 /home/zaki/Documents/pbw/SpeedTypingTest-CapyType-/CapyType/vendor/laravel/framework/src/Illuminate/View/View.php(178): Illuminate\\View\\View->getContents()
#8 /home/zaki/Documents/pbw/SpeedTypingTest-CapyType-/CapyType/vendor/laravel/framework/src/Illuminate/View/View.php(147): Illuminate\\View\\View->renderContents()
#9 /home/zaki/Documents/pbw/SpeedTypingTest-CapyType-/CapyType/vendor/laravel/framework/src/Illuminate/Http/Response.php(69): Illuminate\\View\\View->render()
#10 /home/zaki/Documents/pbw/SpeedTypingTest-CapyType-/CapyType/vendor/laravel/framework/src/Illuminate/Http/Response.php(35): Illuminate\\Http\\Response->setContent()
#11 /home/zaki/Documents/pbw/SpeedTypingTest-CapyType-/CapyType/vendor/laravel/framework/src/Illuminate/Routing/Router.php(906): Illuminate\\Http\\Response->__construct()
#12 /home/zaki/Documents/pbw/SpeedTypingTest-CapyType-/CapyType/vendor/laravel/framework/src/Illuminate/Routing/Router.php(875): Illuminate\\Routing\\Router::toResponse()
#13 /home/zaki/Documents/pbw/SpeedTypingTest-CapyType-/CapyType/vendor/laravel/framework/src/Illuminate/Routing/Router.php(797): Illuminate\\Routing\\Router->prepareResponse()
#14 /home/zaki/Documents/pbw/SpeedTypingTest-CapyType-/CapyType/vendor/laravel/framework/src/Illuminate/Pipeline/Pipeline.php(141): Illuminate\\Routing\\Router->Illuminate\\Routing\\{closure}()
#15 /home/zaki/Documents/pbw/SpeedTypingTest-CapyType-/CapyType/vendor/laravel/framework/src/Illuminate/Routing/Middleware/SubstituteBindings.php(50): Illuminate\\Pipeline\\Pipeline->Illuminate\\Pipeline\\{closure}()
#16 /home/zaki/Documents/pbw/SpeedTypingTest-CapyType-/CapyType/vendor/laravel/framework/src/Illuminate/Pipeline/Pipeline.php(180): Illuminate\\Routing\\Middleware\\SubstituteBindings->handle()
#17 /home/zaki/Documents/pbw/SpeedTypingTest-CapyType-/CapyType/vendor/laravel/framework/src/Illuminate/Foundation/Http/Middleware/VerifyCsrfToken.php(78): Illuminate\\Pipeline\\Pipeline->Illuminate\\Pipeline\\{closure}()
#18 /home/zaki/Documents/pbw/SpeedTypingTest-CapyType-/CapyType/vendor/laravel/framework/src/Illuminate/Pipeline/Pipeline.php(180): Illuminate\\Foundation\\Http\\Middleware\\VerifyCsrfToken->handle()
#19 /home/zaki/Documents/pbw/SpeedTypingTest-CapyType-/CapyType/vendor/laravel/framework/src/Illuminate/View/Middleware/ShareErrorsFromSession.php(49): Illuminate\\Pipeline\\Pipeline->Illuminate\\Pipeline\\{closure}()
#20 /home/zaki/Documents/pbw/SpeedTypingTest-CapyType-/CapyType/vendor/laravel/framework/src/Illuminate/Pipeline/Pipeline.php(180): Illuminate\\View\\Middleware\\ShareErrorsFromSession->handle()
#21 /home/zaki/Documents/pbw/SpeedTypingTest-CapyType-/CapyType/vendor/laravel/framework/src/Illuminate/Session/Middleware/StartSession.php(121): Illuminate\\Pipeline\\Pipeline->Illuminate\\Pipeline\\{closure}()
#22 /home/zaki/Documents/pbw/SpeedTypingTest-CapyType-/CapyType/vendor/laravel/framework/src/Illuminate/Session/Middleware/StartSession.php(64): Illuminate\\Session\\Middleware\\StartSession->handleStatefulRequest()
#23 /home/zaki/Documents/pbw/SpeedTypingTest-CapyType-/CapyType/vendor/laravel/framework/src/Illuminate/Pipeline/Pipeline.php(180): Illuminate\\Session\\Middleware\\StartSession->handle()
#24 /home/zaki/Documents/pbw/SpeedTypingTest-CapyType-/CapyType/vendor/laravel/framework/src/Illuminate/Cookie/Middleware/AddQueuedCookiesToResponse.php(37): Illuminate\\Pipeline\\Pipeline->Illuminate\\Pipeline\\{closure}()
#25 /home/zaki/Documents/pbw/SpeedTypingTest-CapyType-/CapyType/vendor/laravel/framework/src/Illuminate/Pipeline/Pipeline.php(180): Illuminate\\Cookie\\Middleware\\AddQueuedCookiesToResponse->handle()
#26 /home/zaki/Documents/pbw/SpeedTypingTest-CapyType-/CapyType/vendor/laravel/framework/src/Illuminate/Cookie/Middleware/EncryptCookies.php(67): Illuminate\\Pipeline\\Pipeline->Illuminate\\Pipeline\\{closure}()
#27 /home/zaki/Documents/pbw/SpeedTypingTest-CapyType-/CapyType/vendor/laravel/framework/src/Illuminate/Pipeline/Pipeline.php(180): Illuminate\\Cookie\\Middleware\\EncryptCookies->handle()
#28 /home/zaki/Documents/pbw/SpeedTypingTest-CapyType-/CapyType/vendor/laravel/framework/src/Illuminate/Pipeline/Pipeline.php(116): Illuminate\\Pipeline\\Pipeline->Illuminate\\Pipeline\\{closure}()
#29 /home/zaki/Documents/pbw/SpeedTypingTest-CapyType-/CapyType/vendor/laravel/framework/src/Illuminate/Routing/Router.php(797): Illuminate\\Pipeline\\Pipeline->then()
#30 /home/zaki/Documents/pbw/SpeedTypingTest-CapyType-/CapyType/vendor/laravel/framework/src/Illuminate/Routing/Router.php(776): Illuminate\\Routing\\Router->runRouteWithinStack()
#31 /home/zaki/Documents/pbw/SpeedTypingTest-CapyType-/CapyType/vendor/laravel/framework/src/Illuminate/Routing/Router.php(740): Illuminate\\Routing\\Router->runRoute()
#32 /home/zaki/Documents/pbw/SpeedTypingTest-CapyType-/CapyType/vendor/laravel/framework/src/Illuminate/Routing/Router.php(729): Illuminate\\Routing\\Router->dispatchToRoute()
#33 /home/zaki/Documents/pbw/SpeedTypingTest-CapyType-/CapyType/vendor/laravel/framework/src/Illuminate/Foundation/Http/Kernel.php(200): Illuminate\\Routing\\Router->dispatch()
#34 /home/zaki/Documents/pbw/SpeedTypingTest-CapyType-/CapyType/vendor/laravel/framework/src/Illuminate/Pipeline/Pipeline.php(141): Illuminate\\Foundation\\Http\\Kernel->Illuminate\\Foundation\\Http\\{closure}()
#35 /home/zaki/Documents/pbw/SpeedTypingTest-CapyType-/CapyType/vendor/laravel/framework/src/Illuminate/Foundation/Http/Middleware/TransformsRequest.php(21): Illuminate\\Pipeline\\Pipeline->Illuminate\\Pipeline\\{closure}()
#36 /home/zaki/Documents/pbw/SpeedTypingTest-CapyType-/CapyType/vendor/laravel/framework/src/Illuminate/Foundation/Http/Middleware/ConvertEmptyStringsToNull.php(31): Illuminate\\Foundation\\Http\\Middleware\\TransformsRequest->handle()
#37 /home/zaki/Documents/pbw/SpeedTypingTest-CapyType-/CapyType/vendor/laravel/framework/src/Illuminate/Pipeline/Pipeline.php(180): Illuminate\\Foundation\\Http\\Middleware\\ConvertEmptyStringsToNull->handle()
#38 /home/zaki/Documents/pbw/SpeedTypingTest-CapyType-/CapyType/vendor/laravel/framework/src/Illuminate/Foundation/Http/Middleware/TransformsRequest.php(21): Illuminate\\Pipeline\\Pipeline->Illuminate\\Pipeline\\{closure}()
#39 /home/zaki/Documents/pbw/SpeedTypingTest-CapyType-/CapyType/vendor/laravel/framework/src/Illuminate/Foundation/Http/Middleware/TrimStrings.php(40): Illuminate\\Foundation\\Http\\Middleware\\TransformsRequest->handle()
#40 /home/zaki/Documents/pbw/SpeedTypingTest-CapyType-/CapyType/vendor/laravel/framework/src/Illuminate/Pipeline/Pipeline.php(180): Illuminate\\Foundation\\Http\\Middleware\\TrimStrings->handle()
#41 /home/zaki/Documents/pbw/SpeedTypingTest-CapyType-/CapyType/vendor/laravel/framework/src/Illuminate/Foundation/Http/Middleware/ValidatePostSize.php(27): Illuminate\\Pipeline\\Pipeline->Illuminate\\Pipeline\\{closure}()
#42 /home/zaki/Documents/pbw/SpeedTypingTest-CapyType-/CapyType/vendor/laravel/framework/src/Illuminate/Pipeline/Pipeline.php(180): Illuminate\\Foundation\\Http\\Middleware\\ValidatePostSize->handle()
#43 /home/zaki/Documents/pbw/SpeedTypingTest-CapyType-/CapyType/vendor/laravel/framework/src/Illuminate/Foundation/Http/Middleware/PreventRequestsDuringMaintenance.php(86): Illuminate\\Pipeline\\Pipeline->Illuminate\\Pipeline\\{closure}()
#44 /home/zaki/Documents/pbw/SpeedTypingTest-CapyType-/CapyType/vendor/laravel/framework/src/Illuminate/Pipeline/Pipeline.php(180): Illuminate\\Foundation\\Http\\Middleware\\PreventRequestsDuringMaintenance->handle()
#45 /home/zaki/Documents/pbw/SpeedTypingTest-CapyType-/CapyType/vendor/laravel/framework/src/Illuminate/Http/Middleware/HandleCors.php(49): Illuminate\\Pipeline\\Pipeline->Illuminate\\Pipeline\\{closure}()
#46 /home/zaki/Documents/pbw/SpeedTypingTest-CapyType-/CapyType/vendor/laravel/framework/src/Illuminate/Pipeline/Pipeline.php(180): Illuminate\\Http\\Middleware\\HandleCors->handle()
#47 /home/zaki/Documents/pbw/SpeedTypingTest-CapyType-/CapyType/vendor/laravel/framework/src/Illuminate/Http/Middleware/TrustProxies.php(39): Illuminate\\Pipeline\\Pipeline->Illuminate\\Pipeline\\{closure}()
#48 /home/zaki/Documents/pbw/SpeedTypingTest-CapyType-/CapyType/vendor/laravel/framework/src/Illuminate/Pipeline/Pipeline.php(180): Illuminate\\Http\\Middleware\\TrustProxies->handle()
#49 /home/zaki/Documents/pbw/SpeedTypingTest-CapyType-/CapyType/vendor/laravel/framework/src/Illuminate/Pipeline/Pipeline.php(116): Illuminate\\Pipeline\\Pipeline->Illuminate\\Pipeline\\{closure}()
#50 /home/zaki/Documents/pbw/SpeedTypingTest-CapyType-/CapyType/vendor/laravel/framework/src/Illuminate/Foundation/Http/Kernel.php(175): Illuminate\\Pipeline\\Pipeline->then()
#51 /home/zaki/Documents/pbw/SpeedTypingTest-CapyType-/CapyType/vendor/laravel/framework/src/Illuminate/Foundation/Http/Kernel.php(144): Illuminate\\Foundation\\Http\\Kernel->sendRequestThroughRouter()
#52 /home/zaki/Documents/pbw/SpeedTypingTest-CapyType-/CapyType/public/index.php(51): Illuminate\\Foundation\\Http\\Kernel->handle()
#53 /home/zaki/Documents/pbw/SpeedTypingTest-CapyType-/CapyType/vendor/laravel/framework/src/Illuminate/Foundation/resources/server.php(16): require_once('...')
#54 {main}

[previous exception] [object] (Exception(code: 0): Vite manifest not found at: /home/zaki/Documents/pbw/SpeedTypingTest-CapyType-/CapyType/public/build/manifest.json at /home/zaki/Documents/pbw/SpeedTypingTest-CapyType-/CapyType/vendor/laravel/framework/src/Illuminate/Foundation/Vite.php:684)
[stacktrace]
#0 /home/zaki/Documents/pbw/SpeedTypingTest-CapyType-/CapyType/vendor/laravel/framework/src/Illuminate/Foundation/Vite.php(273): Illuminate\\Foundation\\Vite->manifest()
#1 /home/zaki/Documents/pbw/SpeedTypingTest-CapyType-/CapyType/storage/framework/views/16825766665e7f6a7876968f43ab3783.php(8): Illuminate\\Foundation\\Vite->__invoke()
#2 /home/zaki/Documents/pbw/SpeedTypingTest-CapyType-/CapyType/vendor/laravel/framework/src/Illuminate/Filesystem/Filesystem.php(124): require('...')
#3 /home/zaki/Documents/pbw/SpeedTypingTest-CapyType-/CapyType/vendor/laravel/framework/src/Illuminate/Filesystem/Filesystem.php(125): Illuminate\\Filesystem\\Filesystem::Illuminate\\Filesystem\\{closure}()
#4 /home/zaki/Documents/pbw/SpeedTypingTest-CapyType-/CapyType/vendor/laravel/framework/src/Illuminate/View/Engines/PhpEngine.php(58): Illuminate\\Filesystem\\Filesystem->getRequire()
#5 /home/zaki/Documents/pbw/SpeedTypingTest-CapyType-/CapyType/vendor/laravel/framework/src/Illuminate/View/Engines/CompilerEngine.php(70): Illuminate\\View\\Engines\\PhpEngine->evaluatePath()
#6 /home/zaki/Documents/pbw/SpeedTypingTest-CapyType-/CapyType/vendor/laravel/framework/src/Illuminate/View/View.php(195): Illuminate\\View\\Engines\\CompilerEngine->get()
#7 /home/zaki/Documents/pbw/SpeedTypingTest-CapyType-/CapyType/vendor/laravel/framework/src/Illuminate/View/View.php(178): Illuminate\\View\\View->getContents()
#8 /home/zaki/Documents/pbw/SpeedTypingTest-CapyType-/CapyType/vendor/laravel/framework/src/Illuminate/View/View.php(147): Illuminate\\View\\View->renderContents()
#9 /home/zaki/Documents/pbw/SpeedTypingTest-CapyType-/CapyType/vendor/laravel/framework/src/Illuminate/Http/Response.php(69): Illuminate\\View\\View->render()
#10 /home/zaki/Documents/pbw/SpeedTypingTest-CapyType-/CapyType/vendor/laravel/framework/src/Illuminate/Http/Response.php(35): Illuminate\\Http\\Response->setContent()
#11 /home/zaki/Documents/pbw/SpeedTypingTest-CapyType-/CapyType/vendor/laravel/framework/src/Illuminate/Routing/Router.php(906): Illuminate\\Http\\Response->__construct()
#12 /home/zaki/Documents/pbw/SpeedTypingTest-CapyType-/CapyType/vendor/laravel/framework/src/Illuminate/Routing/Router.php(875): Illuminate\\Routing\\Router::toResponse()
#13 /home/zaki/Documents/pbw/SpeedTypingTest-CapyType-/CapyType/vendor/laravel/framework/src/Illuminate/Routing/Router.php(797): Illuminate\\Routing\\Router->prepareResponse()
#14 /home/zaki/Documents/pbw/SpeedTypingTest-CapyType-/CapyType/vendor/laravel/framework/src/Illuminate/Pipeline/Pipeline.php(141): Illuminate\\Routing\\Router->Illuminate\\Routing\\{closure}()
#15 /home/zaki/Documents/pbw/SpeedTypingTest-CapyType-/CapyType/vendor/laravel/framework/src/Illuminate/Routing/Middleware/SubstituteBindings.php(50): Illuminate\\Pipeline\\Pipeline->Illuminate\\Pipeline\\{closure}()
#16 /home/zaki/Documents/pbw/SpeedTypingTest-CapyType-/CapyType/vendor/laravel/framework/src/Illuminate/Pipeline/Pipeline.php(180): Illuminate\\Routing\\Middleware\\SubstituteBindings->handle()
#17 /home/zaki/Documents/pbw/SpeedTypingTest-CapyType-/CapyType/vendor/laravel/framework/src/Illuminate/Foundation/Http/Middleware/VerifyCsrfToken.php(78): Illuminate\\Pipeline\\Pipeline->Illuminate\\Pipeline\\{closure}()
#18 /home/zaki/Documents/pbw/SpeedTypingTest-CapyType-/CapyType/vendor/laravel/framework/src/Illuminate/Pipeline/Pipeline.php(180): Illuminate\\Foundation\\Http\\Middleware\\VerifyCsrfToken->handle()
#19 /home/zaki/Documents/pbw/SpeedTypingTest-CapyType-/CapyType/vendor/laravel/framework/src/Illuminate/View/Middleware/ShareErrorsFromSession.php(49): Illuminate\\Pipeline\\Pipeline->Illuminate\\Pipeline\\{closure}()
#20 /home/zaki/Documents/pbw/SpeedTypingTest-CapyType-/CapyType/vendor/laravel/framework/src/Illuminate/Pipeline/Pipeline.php(180): Illuminate\\View\\Middleware\\ShareErrorsFromSession->handle()
#21 /home/zaki/Documents/pbw/SpeedTypingTest-CapyType-/CapyType/vendor/laravel/framework/src/Illuminate/Session/Middleware/StartSession.php(121): Illuminate\\Pipeline\\Pipeline->Illuminate\\Pipeline\\{closure}()
#22 /home/zaki/Documents/pbw/SpeedTypingTest-CapyType-/CapyType/vendor/laravel/framework/src/Illuminate/Session/Middleware/StartSession.php(64): Illuminate\\Session\\Middleware\\StartSession->handleStatefulRequest()
#23 /home/zaki/Documents/pbw/SpeedTypingTest-CapyType-/CapyType/vendor/laravel/framework/src/Illuminate/Pipeline/Pipeline.php(180): Illuminate\\Session\\Middleware\\StartSession->handle()
#24 /home/zaki/Documents/pbw/SpeedTypingTest-CapyType-/CapyType/vendor/laravel/framework/src/Illuminate/Cookie/Middleware/AddQueuedCookiesToResponse.php(37): Illuminate\\Pipeline\\Pipeline->Illuminate\\Pipeline\\{closure}()
#25 /home/zaki/Documents/pbw/SpeedTypingTest-CapyType-/CapyType/vendor/laravel/framework/src/Illuminate/Pipeline/Pipeline.php(180): Illuminate\\Cookie\\Middleware\\AddQueuedCookiesToResponse->handle()
#26 /home/zaki/Documents/pbw/SpeedTypingTest-CapyType-/CapyType/vendor/laravel/framework/src/Illuminate/Cookie/Middleware/EncryptCookies.php(67): Illuminate\\Pipeline\\Pipeline->Illuminate\\Pipeline\\{closure}()
#27 /home/zaki/Documents/pbw/SpeedTypingTest-CapyType-/CapyType/vendor/laravel/framework/src/Illuminate/Pipeline/Pipeline.php(180): Illuminate\\Cookie\\Middleware\\EncryptCookies->handle()
#28 /home/zaki/Documents/pbw/SpeedTypingTest-CapyType-/CapyType/vendor/laravel/framework/src/Illuminate/Pipeline/Pipeline.php(116): Illuminate\\Pipeline\\Pipeline->Illuminate\\Pipeline\\{closure}()
#29 /home/zaki/Documents/pbw/SpeedTypingTest-CapyType-/CapyType/vendor/laravel/framework/src/Illuminate/Routing/Router.php(797): Illuminate\\Pipeline\\Pipeline->then()
#30 /home/zaki/Documents/pbw/SpeedTypingTest-CapyType-/CapyType/vendor/laravel/framework/src/Illuminate/Routing/Router.php(776): Illuminate\\Routing\\Router->runRouteWithinStack()
#31 /home/zaki/Documents/pbw/SpeedTypingTest-CapyType-/CapyType/vendor/laravel/framework/src/Illuminate/Routing/Router.php(740): Illuminate\\Routing\\Router->runRoute()
#32 /home/zaki/Documents/pbw/SpeedTypingTest-CapyType-/CapyType/vendor/laravel/framework/src/Illuminate/Routing/Router.php(729): Illuminate\\Routing\\Router->dispatchToRoute()
#33 /home/zaki/Documents/pbw/SpeedTypingTest-CapyType-/CapyType/vendor/laravel/framework/src/Illuminate/Foundation/Http/Kernel.php(200): Illuminate\\Routing\\Router->dispatch()
#34 /home/zaki/Documents/pbw/SpeedTypingTest-CapyType-/CapyType/vendor/laravel/framework/src/Illuminate/Pipeline/Pipeline.php(141): Illuminate\\Foundation\\Http\\Kernel->Illuminate\\Foundation\\Http\\{closure}()
#35 /home/zaki/Documents/pbw/SpeedTypingTest-CapyType-/CapyType/vendor/laravel/framework/src/Illuminate/Foundation/Http/Middleware/TransformsRequest.php(21): Illuminate\\Pipeline\\Pipeline->Illuminate\\Pipeline\\{closure}()
#36 /home/zaki/Documents/pbw/SpeedTypingTest-CapyType-/CapyType/vendor/laravel/framework/src/Illuminate/Foundation/Http/Middleware/ConvertEmptyStringsToNull.php(31): Illuminate\\Foundation\\Http\\Middleware\\TransformsRequest->handle()
#37 /home/zaki/Documents/pbw/SpeedTypingTest-CapyType-/CapyType/vendor/laravel/framework/src/Illuminate/Pipeline/Pipeline.php(180): Illuminate\\Foundation\\Http\\Middleware\\ConvertEmptyStringsToNull->handle()
#38 /home/zaki/Documents/pbw/SpeedTypingTest-CapyType-/CapyType/vendor/laravel/framework/src/Illuminate/Foundation/Http/Middleware/TransformsRequest.php(21): Illuminate\\Pipeline\\Pipeline->Illuminate\\Pipeline\\{closure}()
#39 /home/zaki/Documents/pbw/SpeedTypingTest-CapyType-/CapyType/vendor/laravel/framework/src/Illuminate/Foundation/Http/Middleware/TrimStrings.php(40): Illuminate\\Foundation\\Http\\Middleware\\TransformsRequest->handle()
#40 /home/zaki/Documents/pbw/SpeedTypingTest-CapyType-/CapyType/vendor/laravel/framework/src/Illuminate/Pipeline/Pipeline.php(180): Illuminate\\Foundation\\Http\\Middleware\\TrimStrings->handle()
#41 /home/zaki/Documents/pbw/SpeedTypingTest-CapyType-/CapyType/vendor/laravel/framework/src/Illuminate/Foundation/Http/Middleware/ValidatePostSize.php(27): Illuminate\\Pipeline\\Pipeline->Illuminate\\Pipeline\\{closure}()
#42 /home/zaki/Documents/pbw/SpeedTypingTest-CapyType-/CapyType/vendor/laravel/framework/src/Illuminate/Pipeline/Pipeline.php(180): Illuminate\\Foundation\\Http\\Middleware\\ValidatePostSize->handle()
#43 /home/zaki/Documents/pbw/SpeedTypingTest-CapyType-/CapyType/vendor/laravel/framework/src/Illuminate/Foundation/Http/Middleware/PreventRequestsDuringMaintenance.php(86): Illuminate\\Pipeline\\Pipeline->Illuminate\\Pipeline\\{closure}()
#44 /home/zaki/Documents/pbw/SpeedTypingTest-CapyType-/CapyType/vendor/laravel/framework/src/Illuminate/Pipeline/Pipeline.php(180): Illuminate\\Foundation\\Http\\Middleware\\PreventRequestsDuringMaintenance->handle()
#45 /home/zaki/Documents/pbw/SpeedTypingTest-CapyType-/CapyType/vendor/laravel/framework/src/Illuminate/Http/Middleware/HandleCors.php(49): Illuminate\\Pipeline\\Pipeline->Illuminate\\Pipeline\\{closure}()
#46 /home/zaki/Documents/pbw/SpeedTypingTest-CapyType-/CapyType/vendor/laravel/framework/src/Illuminate/Pipeline/Pipeline.php(180): Illuminate\\Http\\Middleware\\HandleCors->handle()
#47 /home/zaki/Documents/pbw/SpeedTypingTest-CapyType-/CapyType/vendor/laravel/framework/src/Illuminate/Http/Middleware/TrustProxies.php(39): Illuminate\\Pipeline\\Pipeline->Illuminate\\Pipeline\\{closure}()
#48 /home/zaki/Documents/pbw/SpeedTypingTest-CapyType-/CapyType/vendor/laravel/framework/src/Illuminate/Pipeline/Pipeline.php(180): Illuminate\\Http\\Middleware\\TrustProxies->handle()
#49 /home/zaki/Documents/pbw/SpeedTypingTest-CapyType-/CapyType/vendor/laravel/framework/src/Illuminate/Pipeline/Pipeline.php(116): Illuminate\\Pipeline\\Pipeline->Illuminate\\Pipeline\\{closure}()
#50 /home/zaki/Documents/pbw/SpeedTypingTest-CapyType-/CapyType/vendor/laravel/framework/src/Illuminate/Foundation/Http/Kernel.php(175): Illuminate\\Pipeline\\Pipeline->then()
#51 /home/zaki/Documents/pbw/SpeedTypingTest-CapyType-/CapyType/vendor/laravel/framework/src/Illuminate/Foundation/Http/Kernel.php(144): Illuminate\\Foundation\\Http\\Kernel->sendRequestThroughRouter()
#52 /home/zaki/Documents/pbw/SpeedTypingTest-CapyType-/CapyType/public/index.php(51): Illuminate\\Foundation\\Http\\Kernel->handle()
#53 /home/zaki/Documents/pbw/SpeedTypingTest-CapyType-/CapyType/vendor/laravel/framework/src/Illuminate/Foundation/resources/server.php(16): require_once('...')
#54 {main}
"} 
